<?xml version="1.0" encoding="UTF-8"?>
<!-- Generated by org.testng.reporters.JUnitXMLReporter -->
<testsuite ignored="0" hostname="Srikanths-MacBook-Air.local" failures="1" tests="3" name="client requirments" time="0.007" errors="0" timestamp="2024-04-30T18:32:15 IST">
  <testcase classname="test.PersonaLoan" name="PLAPILogin" time="0.0">
    <failure type="org.testng.TestNGException" message="
Parameter &amp;apos;username&amp;apos; is required by @Test on method PLAPILogin but has not been marked @Optional or defined
in /Users/srikanthmattigunta/eclipse-workspace/TestNG/SecondFile.xml">
      <![CDATA[org.testng.TestNGException: 
Parameter 'username' is required by @Test on method PLAPILogin but has not been marked @Optional or defined
in /Users/srikanthmattigunta/eclipse-workspace/TestNG/SecondFile.xml
at java.base/java.util.ArrayList.forEach(ArrayList.java:1511)
... Removed 26 stack frames]]>
    </failure>
  </testcase> <!-- PLAPILogin -->
  <testcase classname="test.PersonaLoan" name="PLMobileApplicatinLogin" time="0.0"/>
  <testcase classname="test.PersonaLoan" name="PLWebApplicatinLogin" time="0.0">
    <skipped/>
  </testcase> <!-- PLWebApplicatinLogin -->
</testsuite> <!-- client requirments -->
